

Started GET "/assets/rails.png" for 127.0.0.1 at 2013-02-04 21:15:19 +0200
Connecting to database specified by database.yml
Served asset /rails.png - 200 OK (18ms)
Connecting to database specified by database.yml
Connecting to database specified by database.yml
Connecting to database specified by database.yml
Connecting to database specified by database.yml
  [1m[36m (0.1ms)[0m  [1mselect sqlite_version(*)[0m
  [1m[35m (155.5ms)[0m  CREATE TABLE "schema_migrations" ("version" varchar(255) NOT NULL) 
  [1m[36m (114.4ms)[0m  [1mCREATE UNIQUE INDEX "unique_schema_migrations" ON "schema_migrations" ("version")[0m
  [1m[35m (2.9ms)[0m  SELECT "schema_migrations"."version" FROM "schema_migrations" 
Migrating to CreateCategories (20130204192106)
  [1m[36m (0.0ms)[0m  [1mbegin transaction[0m
  [1m[35m (0.3ms)[0m  CREATE TABLE "categories" ("id" INTEGER PRIMARY KEY AUTOINCREMENT NOT NULL, "name" varchar(255), "description" text, "status" boolean DEFAULT 't', "created_at" datetime NOT NULL, "updated_at" datetime NOT NULL) 
  [1m[36m (0.1ms)[0m  [1mINSERT INTO "schema_migrations" ("version") VALUES ('20130204192106')[0m
  [1m[35m (129.3ms)[0m  commit transaction
Migrating to CreateCategoryParameters (20130204192512)
  [1m[36m (0.0ms)[0m  [1mbegin transaction[0m
  [1m[35m (0.3ms)[0m  CREATE TABLE "category_parameters" ("id" INTEGER PRIMARY KEY AUTOINCREMENT NOT NULL, "name" varchar(255), "status" boolean DEFAULT 't', "category_id" integer, "parameter_id" integer, "created_at" datetime NOT NULL, "updated_at" datetime NOT NULL) 
  [1m[36m (0.1ms)[0m  [1mINSERT INTO "schema_migrations" ("version") VALUES ('20130204192512')[0m
  [1m[35m (142.7ms)[0m  commit transaction
Migrating to CreateParameters (20130204200143)
  [1m[36m (0.1ms)[0m  [1mbegin transaction[0m
  [1m[35m (0.7ms)[0m  CREATE TABLE "parameters" ("id" INTEGER PRIMARY KEY AUTOINCREMENT NOT NULL, "value" varchar(255), "description" text, "created_at" datetime NOT NULL, "updated_at" datetime NOT NULL) 
  [1m[36m (0.3ms)[0m  [1mINSERT INTO "schema_migrations" ("version") VALUES ('20130204200143')[0m
  [1m[35m (150.1ms)[0m  commit transaction
  [1m[36m (0.1ms)[0m  [1mSELECT "schema_migrations"."version" FROM "schema_migrations" [0m
Connecting to database specified by database.yml
Connecting to database specified by database.yml
Connecting to database specified by database.yml
Connecting to database specified by database.yml
Connecting to database specified by database.yml
Connecting to database specified by database.yml
Connecting to database specified by database.yml
Connecting to database specified by database.yml
Connecting to database specified by database.yml
  [1m[36m (0.1ms)[0m  [1mselect sqlite_version(*)[0m
  [1m[35m (306.9ms)[0m  CREATE TABLE "schema_migrations" ("version" varchar(255) NOT NULL) 
  [1m[36m (155.8ms)[0m  [1mCREATE UNIQUE INDEX "unique_schema_migrations" ON "schema_migrations" ("version")[0m
  [1m[35m (0.2ms)[0m  SELECT "schema_migrations"."version" FROM "schema_migrations" 
Migrating to CreateCategories (20130204192106)
  [1m[36m (0.1ms)[0m  [1mbegin transaction[0m
  [1m[35m (1.0ms)[0m  CREATE TABLE "categories" ("id" INTEGER PRIMARY KEY AUTOINCREMENT NOT NULL, "name" varchar(255), "description" text, "status" boolean DEFAULT 't', "created_at" datetime NOT NULL, "updated_at" datetime NOT NULL) 
  [1m[36m (0.3ms)[0m  [1mINSERT INTO "schema_migrations" ("version") VALUES ('20130204192106')[0m
  [1m[35m (182.9ms)[0m  commit transaction
Migrating to CreateCategoryParameters (20130204192512)
  [1m[36m (0.1ms)[0m  [1mbegin transaction[0m
  [1m[35m (0.3ms)[0m  CREATE TABLE "category_parameters" ("id" INTEGER PRIMARY KEY AUTOINCREMENT NOT NULL, "name" varchar(255), "status" boolean DEFAULT 't', "category_id" integer, "created_at" datetime NOT NULL, "updated_at" datetime NOT NULL) 
  [1m[36m (0.1ms)[0m  [1mINSERT INTO "schema_migrations" ("version") VALUES ('20130204192512')[0m
  [1m[35m (210.1ms)[0m  commit transaction
Migrating to CreateParameters (20130204200143)
  [1m[36m (0.1ms)[0m  [1mbegin transaction[0m
  [1m[35m (0.8ms)[0m  CREATE TABLE "parameters" ("id" INTEGER PRIMARY KEY AUTOINCREMENT NOT NULL, "value" varchar(255), "description" text, "category_parameter_id" integer, "created_at" datetime NOT NULL, "updated_at" datetime NOT NULL) 
  [1m[36m (0.3ms)[0m  [1mINSERT INTO "schema_migrations" ("version") VALUES ('20130204200143')[0m
  [1m[35m (150.4ms)[0m  commit transaction
  [1m[36m (0.3ms)[0m  [1mSELECT "schema_migrations"."version" FROM "schema_migrations" [0m
Connecting to database specified by database.yml
Connecting to database specified by database.yml
Connecting to database specified by database.yml
Connecting to database specified by database.yml
Connecting to database specified by database.yml
Connecting to database specified by database.yml
Connecting to database specified by database.yml
Connecting to database specified by database.yml
Connecting to database specified by database.yml
Connecting to database specified by database.yml
Connecting to database specified by database.yml
Connecting to database specified by database.yml
Connecting to database specified by database.yml
Connecting to database specified by database.yml
Connecting to database specified by database.yml
Connecting to database specified by database.yml
  [1m[36m (17.1ms)[0m  [1mSELECT "schema_migrations"."version" FROM "schema_migrations" [0m
Migrating to CreateCategories (20130204192106)
Migrating to CreateCategoryParameters (20130204192512)
Migrating to CreateParameters (20130204200143)
Migrating to CreateProducts (20130204230419)
  [1m[35m (0.1ms)[0m  select sqlite_version(*)
  [1m[36m (0.2ms)[0m  [1mbegin transaction[0m
  [1m[35m (0.4ms)[0m  CREATE TABLE "products" ("id" INTEGER PRIMARY KEY AUTOINCREMENT NOT NULL, "parameter_id" integer, "status" boolean DEFAULT 't', "created_at" datetime NOT NULL, "updated_at" datetime NOT NULL) 
  [1m[36m (0.1ms)[0m  [1mINSERT INTO "schema_migrations" ("version") VALUES ('20130204230419')[0m
  [1m[35m (282.4ms)[0m  commit transaction
  [1m[36m (0.1ms)[0m  [1mSELECT "schema_migrations"."version" FROM "schema_migrations" [0m
Connecting to database specified by database.yml
Connecting to database specified by database.yml
Connecting to database specified by database.yml
Connecting to database specified by database.yml
Connecting to database specified by database.yml
  [1m[36m (0.1ms)[0m  [1mSELECT "schema_migrations"."version" FROM "schema_migrations" [0m
Migrating to CreateCategories (20130204192106)
Migrating to CreateCategoryParameters (20130204192512)
Migrating to CreateParameters (20130204200143)
Migrating to CreateProducts (20130204230419)
Migrating to CreateProductParameters (20130205085621)
  [1m[35m (0.0ms)[0m  select sqlite_version(*)
  [1m[36m (0.0ms)[0m  [1mbegin transaction[0m
  [1m[35m (0.4ms)[0m  CREATE TABLE "product_parameters" ("id" INTEGER PRIMARY KEY AUTOINCREMENT NOT NULL, "product_id" integer, "parameter_id" integer, "value" varchar(255), "created_at" datetime NOT NULL, "updated_at" datetime NOT NULL) 
  [1m[36m (0.1ms)[0m  [1mINSERT INTO "schema_migrations" ("version") VALUES ('20130205085621')[0m
  [1m[35m (169.8ms)[0m  commit transaction
  [1m[36m (0.2ms)[0m  [1mSELECT "schema_migrations"."version" FROM "schema_migrations" [0m
Connecting to database specified by database.yml
  [1m[36m (0.1ms)[0m  [1mselect sqlite_version(*)[0m
  [1m[35m (186.8ms)[0m  CREATE TABLE "schema_migrations" ("version" varchar(255) NOT NULL) 
  [1m[36m (166.6ms)[0m  [1mCREATE UNIQUE INDEX "unique_schema_migrations" ON "schema_migrations" ("version")[0m
  [1m[35m (0.2ms)[0m  SELECT "schema_migrations"."version" FROM "schema_migrations" 
Migrating to CreateCategories (20130204192106)
  [1m[36m (0.1ms)[0m  [1mbegin transaction[0m
  [1m[35m (0.7ms)[0m  CREATE TABLE "categories" ("id" INTEGER PRIMARY KEY AUTOINCREMENT NOT NULL, "name" varchar(255), "description" text, "status" boolean DEFAULT 't', "created_at" datetime NOT NULL, "updated_at" datetime NOT NULL) 
  [1m[36m (0.3ms)[0m  [1mINSERT INTO "schema_migrations" ("version") VALUES ('20130204192106')[0m
  [1m[35m (154.5ms)[0m  commit transaction
Migrating to CreateCategoryParameters (20130204192512)
  [1m[36m (0.0ms)[0m  [1mbegin transaction[0m
  [1m[35m (0.2ms)[0m  CREATE TABLE "category_parameters" ("id" INTEGER PRIMARY KEY AUTOINCREMENT NOT NULL, "status" boolean DEFAULT 't', "category_id" integer, "parameter_id" integer, "created_at" datetime NOT NULL, "updated_at" datetime NOT NULL) 
  [1m[36m (0.1ms)[0m  [1mINSERT INTO "schema_migrations" ("version") VALUES ('20130204192512')[0m
  [1m[35m (154.9ms)[0m  commit transaction
Migrating to CreateParameters (20130204200143)
  [1m[36m (0.1ms)[0m  [1mbegin transaction[0m
  [1m[35m (0.8ms)[0m  CREATE TABLE "parameters" ("id" INTEGER PRIMARY KEY AUTOINCREMENT NOT NULL, "name" varchar(255), "description" text, "created_at" datetime NOT NULL, "updated_at" datetime NOT NULL) 
  [1m[36m (0.3ms)[0m  [1mINSERT INTO "schema_migrations" ("version") VALUES ('20130204200143')[0m
  [1m[35m (151.0ms)[0m  commit transaction
Migrating to CreateProducts (20130204230419)
  [1m[36m (0.1ms)[0m  [1mbegin transaction[0m
  [1m[35m (0.9ms)[0m  CREATE TABLE "products" ("id" INTEGER PRIMARY KEY AUTOINCREMENT NOT NULL, "status" boolean DEFAULT 't', "category_id" integer, "created_at" datetime NOT NULL, "updated_at" datetime NOT NULL) 
  [1m[36m (0.4ms)[0m  [1mINSERT INTO "schema_migrations" ("version") VALUES ('20130204230419')[0m
  [1m[35m (127.4ms)[0m  commit transaction
Migrating to CreateProductParameters (20130205085621)
  [1m[36m (0.2ms)[0m  [1mbegin transaction[0m
  [1m[35m (0.3ms)[0m  CREATE TABLE "product_parameters" ("id" INTEGER PRIMARY KEY AUTOINCREMENT NOT NULL, "product_id" integer, "parameter_id" integer, "value" varchar(255), "created_at" datetime NOT NULL, "updated_at" datetime NOT NULL) 
  [1m[36m (0.4ms)[0m  [1mINSERT INTO "schema_migrations" ("version") VALUES ('20130205085621')[0m
  [1m[35m (163.3ms)[0m  commit transaction
  [1m[36m (0.1ms)[0m  [1mSELECT "schema_migrations"."version" FROM "schema_migrations" [0m
Connecting to database specified by database.yml
Connecting to database specified by database.yml
Connecting to database specified by database.yml
Connecting to database specified by database.yml
Connecting to database specified by database.yml
Connecting to database specified by database.yml
Connecting to database specified by database.yml
Connecting to database specified by database.yml
  [1m[36m (0.1ms)[0m  [1mselect sqlite_version(*)[0m
  [1m[35m (198.9ms)[0m  CREATE TABLE "schema_migrations" ("version" varchar(255) NOT NULL) 
  [1m[36m (156.1ms)[0m  [1mCREATE UNIQUE INDEX "unique_schema_migrations" ON "schema_migrations" ("version")[0m
  [1m[35m (0.1ms)[0m  SELECT "schema_migrations"."version" FROM "schema_migrations" 
Migrating to CreateCategories (20130204192106)
  [1m[36m (0.0ms)[0m  [1mbegin transaction[0m
  [1m[35m (0.3ms)[0m  CREATE TABLE "categories" ("id" INTEGER PRIMARY KEY AUTOINCREMENT NOT NULL, "name" varchar(255), "description" text, "status" boolean DEFAULT 't', "created_at" datetime NOT NULL, "updated_at" datetime NOT NULL) 
  [1m[36m (0.1ms)[0m  [1mINSERT INTO "schema_migrations" ("version") VALUES ('20130204192106')[0m
  [1m[35m (195.8ms)[0m  commit transaction
Migrating to CreateCategoryParameters (20130204192512)
  [1m[36m (0.1ms)[0m  [1mbegin transaction[0m
  [1m[35m (0.8ms)[0m  CREATE TABLE "category_parameters" ("id" INTEGER PRIMARY KEY AUTOINCREMENT NOT NULL, "status" boolean DEFAULT 't', "category_id" integer, "parameter_id" integer, "created_at" datetime NOT NULL, "updated_at" datetime NOT NULL) 
  [1m[36m (0.3ms)[0m  [1mINSERT INTO "schema_migrations" ("version") VALUES ('20130204192512')[0m
  [1m[35m (195.1ms)[0m  commit transaction
Migrating to CreateParameters (20130204200143)
  [1m[36m (0.0ms)[0m  [1mbegin transaction[0m
  [1m[35m (0.3ms)[0m  CREATE TABLE "parameters" ("id" INTEGER PRIMARY KEY AUTOINCREMENT NOT NULL, "name" varchar(255), "description" text, "created_at" datetime NOT NULL, "updated_at" datetime NOT NULL) 
  [1m[36m (0.1ms)[0m  [1mINSERT INTO "schema_migrations" ("version") VALUES ('20130204200143')[0m
  [1m[35m (199.2ms)[0m  commit transaction
Migrating to CreateProducts (20130204230419)
  [1m[36m (0.1ms)[0m  [1mbegin transaction[0m
  [1m[35m (0.8ms)[0m  CREATE TABLE "products" ("id" INTEGER PRIMARY KEY AUTOINCREMENT NOT NULL, "status" boolean DEFAULT 't', "category_id" integer, "created_at" datetime NOT NULL, "updated_at" datetime NOT NULL) 
  [1m[36m (0.3ms)[0m  [1mINSERT INTO "schema_migrations" ("version") VALUES ('20130204230419')[0m
  [1m[35m (183.8ms)[0m  commit transaction
Migrating to CreateProductParameters (20130205085621)
  [1m[36m (0.2ms)[0m  [1mbegin transaction[0m
  [1m[35m (0.8ms)[0m  CREATE TABLE "product_parameters" ("id" INTEGER PRIMARY KEY AUTOINCREMENT NOT NULL, "product_id" integer, "parameter_id" integer, "value" varchar(255), "created_at" datetime NOT NULL, "updated_at" datetime NOT NULL) 
  [1m[36m (0.3ms)[0m  [1mINSERT INTO "schema_migrations" ("version") VALUES ('20130205085621')[0m
  [1m[35m (194.7ms)[0m  commit transaction
  [1m[36m (0.3ms)[0m  [1mSELECT "schema_migrations"."version" FROM "schema_migrations" [0m
Connecting to database specified by database.yml
Connecting to database specified by database.yml
Connecting to database specified by database.yml
Connecting to database specified by database.yml
Connecting to database specified by database.yml
  [1m[36m (16.9ms)[0m  [1mSELECT "schema_migrations"."version" FROM "schema_migrations" [0m
Migrating to CreateCategories (20130204192106)
Migrating to CreateCategoryParameters (20130204192512)
Migrating to CreateParameters (20130204200143)
Migrating to CreateProducts (20130204230419)
Migrating to CreateProductParameters (20130205085621)
Migrating to CreateProductCategories (20130205100719)
  [1m[35m (0.0ms)[0m  select sqlite_version(*)
  [1m[36m (0.0ms)[0m  [1mbegin transaction[0m
  [1m[35m (0.5ms)[0m  CREATE TABLE "product_categories" ("id" INTEGER PRIMARY KEY AUTOINCREMENT NOT NULL, "product_id" integer, "category_id" integer, "created_at" datetime NOT NULL, "updated_at" datetime NOT NULL) 
  [1m[36m (0.1ms)[0m  [1mINSERT INTO "schema_migrations" ("version") VALUES ('20130205100719')[0m
  [1m[35m (168.1ms)[0m  commit transaction
  [1m[36m (0.2ms)[0m  [1mSELECT "schema_migrations"."version" FROM "schema_migrations" [0m
Connecting to database specified by database.yml
Connecting to database specified by database.yml
  [1m[36m (0.8ms)[0m  [1mSELECT "schema_migrations"."version" FROM "schema_migrations" [0m
Migrating to CreateCategories (20130204192106)
Migrating to CreateCategoryParameters (20130204192512)
Migrating to CreateParameters (20130204200143)
Migrating to CreateProducts (20130204230419)
Migrating to CreateProductParameters (20130205085621)
Migrating to CreateProductCategories (20130205100719)
Migrating to DeleteCategoryIdFromProducts (20130205102000)
  [1m[35m (0.0ms)[0m  select sqlite_version(*)
  [1m[36m (0.0ms)[0m  [1mbegin transaction[0m
  [1m[35m (1.2ms)[0m  CREATE TEMPORARY TABLE "altered_products" ("id" INTEGER PRIMARY KEY AUTOINCREMENT NOT NULL, "status" boolean DEFAULT 't', "category_id" integer, "created_at" datetime NOT NULL, "updated_at" datetime NOT NULL) 
  [1m[36m (0.1ms)[0m  [1mSELECT * FROM "products"[0m
  [1m[35m (0.1ms)[0m  INSERT INTO "altered_products" ("id","status","category_id","created_at","updated_at") VALUES (1, 't', 2, '2013-02-05 09:50:46.262593', '2013-02-05 09:50:46.262593')
  [1m[36m (0.2ms)[0m  [1mDROP TABLE "products"[0m
  [1m[35m (0.1ms)[0m  CREATE TABLE "products" ("id" INTEGER PRIMARY KEY AUTOINCREMENT NOT NULL, "status" boolean DEFAULT 't', "created_at" datetime NOT NULL, "updated_at" datetime NOT NULL) 
  [1m[36m (0.0ms)[0m  [1mSELECT * FROM "altered_products"[0m
  [1m[35m (0.1ms)[0m  INSERT INTO "products" ("id","status","created_at","updated_at") VALUES (1, 't', '2013-02-05 09:50:46.262593', '2013-02-05 09:50:46.262593')
  [1m[36m (0.1ms)[0m  [1mDROP TABLE "altered_products"[0m
  [1m[35m (0.1ms)[0m  INSERT INTO "schema_migrations" ("version") VALUES ('20130205102000')
  [1m[36m (168.2ms)[0m  [1mcommit transaction[0m
  [1m[35m (0.3ms)[0m  SELECT "schema_migrations"."version" FROM "schema_migrations" 
Connecting to database specified by database.yml
